#
# There is insufficient memory for the Java Runtime Environment to continue.
# Native memory allocation (malloc) failed to allocate 32744 bytes for ChunkPool::allocate
# Possible reasons:
#   The system is out of physical RAM or swap space
#   The process is running with CompressedOops enabled, and the Java Heap may be blocking the growth of the native heap
# Possible solutions:
#   Reduce memory load on the system
#   Increase physical memory or swap space
#   Check if swap backing store is full
#   Decrease Java heap size (-Xmx/-Xms)
#   Decrease number of Java threads
#   Decrease Java thread stack sizes (-Xss)
#   Set larger code cache with -XX:ReservedCodeCacheSize=
#   JVM is running with Unscaled Compressed Oops mode in which the Java heap is
#     placed in the first 4GB address space. The Java Heap base address is the
#     maximum limit for the native heap growth. Please use -XX:HeapBaseMinAddress
#     to set the Java Heap base and to place the Java Heap above 4GB virtual address.
# This output file may be truncated or incomplete.
#
#  Out of Memory Error (t:/workspace/open/src/hotspot/share/memory/arena.cpp:81), pid=8688, tid=9792
#
# JRE version: Java(TM) SE Runtime Environment (11.0.6+8) (build 11.0.6+8-LTS)
# Java VM: Java HotSpot(TM) 64-Bit Server VM (11.0.6+8-LTS, mixed mode, tiered, compressed oops, g1 gc, windows-amd64)
# No core dump will be written. Minidumps are not enabled by default on client versions of Windows
#

---------------  S U M M A R Y ------------

Command Line: -ea -Didea.test.cyclic.buffer.size=1048576 -javaagent:C:\Program Files\JetBrains\IntelliJ IDEA 2019.2.4\lib\idea_rt.jar=53676:C:\Program Files\JetBrains\IntelliJ IDEA 2019.2.4\bin -Dfile.encoding=UTF-8 com.intellij.rt.execution.junit.JUnitStarter -ideVersion5 -junit5 org.levelup.application.dao.CompanyLegalDetailsDaoImplIntegrationTest,testUpdateLegalDetailInCompany_

Host: AMD Ryzen 5 3550H with Radeon Vega Mobile Gfx  , 8 cores, 5G,  Windows 10 , 64 bit Build 18362 (10.0.18362.778)
Time: Sat May  9 17:08:43 2020 RTZ 2 (ceia) elapsed time: 6 seconds (0d 0h 0m 6s)

---------------  T H R E A D  ---------------

Current thread (0x000002451d7b5000):  JavaThread "C2 CompilerThread0" daemon [_thread_in_native, id=9792, stack(0x000000f35bb00000,0x000000f35bc00000)]


Current CompileTask:
C2:   6247 1786   !   4       jdk.internal.loader.BuiltinClassLoader::loadClassOrNull (143 bytes)

Stack: [0x000000f35bb00000,0x000000f35bc00000]
Native frames: (J=compiled Java code, j=interpreted, Vv=VM code, C=native code)
V  [jvm.dll+0x63679a]
V  [jvm.dll+0x7755bf]
V  [jvm.dll+0x776c65]
V  [jvm.dll+0x7772d3]
V  [jvm.dll+0x25e7f8]
V  [jvm.dll+0xc1e3b]
V  [jvm.dll+0xc219c]
V  [jvm.dll+0xc1cf0]
V  [jvm.dll+0x6159cf]
V  [jvm.dll+0x6684e5]
V  [jvm.dll+0x1a91cd]
V  [jvm.dll+0x218462]
V  [jvm.dll+0x2174fa]
V  [jvm.dll+0x193a2c]
V  [jvm.dll+0x226544]
V  [jvm.dll+0x224b28]
V  [jvm.dll+0x73a9c5]
V  [jvm.dll+0x733905]
V  [jvm.dll+0x635846]
C  [ucrtbase.dll+0x20e72]
C  [KERNEL32.DLL+0x17bd4]
C  [ntdll.dll+0x6ce51]


---------------  P R O C E S S  ---------------

Threads class SMR info:
_java_thread_list=0x000002451f80b780, length=13, elements={
0x000002457fdaf000, 0x000002451d794800, 0x000002451d79e000, 0x000002451e133000,
0x000002451d7b3800, 0x000002451d7b5000, 0x000002451d7c5800, 0x000002451d7cb000,
0x000002451e2a9800, 0x000002451e3c9000, 0x000002451e3ca000, 0x000002451f0cd000,
0x000002451fa81000
}

Java Threads: ( => current thread )
  0x000002457fdaf000 JavaThread "main" [_thread_blocked, id=10752, stack(0x000000f35b000000,0x000000f35b100000)]
  0x000002451d794800 JavaThread "Reference Handler" daemon [_thread_blocked, id=2780, stack(0x000000f35b700000,0x000000f35b800000)]
  0x000002451d79e000 JavaThread "Finalizer" daemon [_thread_blocked, id=10964, stack(0x000000f35b800000,0x000000f35b900000)]
  0x000002451e133000 JavaThread "Signal Dispatcher" daemon [_thread_blocked, id=9168, stack(0x000000f35b900000,0x000000f35ba00000)]
  0x000002451d7b3800 JavaThread "Attach Listener" daemon [_thread_blocked, id=9516, stack(0x000000f35ba00000,0x000000f35bb00000)]
=>0x000002451d7b5000 JavaThread "C2 CompilerThread0" daemon [_thread_in_native, id=9792, stack(0x000000f35bb00000,0x000000f35bc00000)]
  0x000002451d7c5800 JavaThread "C1 CompilerThread0" daemon [_thread_blocked, id=11260, stack(0x000000f35bc00000,0x000000f35bd00000)]
  0x000002451d7cb000 JavaThread "Sweeper thread" daemon [_thread_blocked, id=7544, stack(0x000000f35bd00000,0x000000f35be00000)]
  0x000002451e2a9800 JavaThread "Common-Cleaner" daemon [_thread_blocked, id=3180, stack(0x000000f35be00000,0x000000f35bf00000)]
  0x000002451e3c9000 JavaThread "Monitor Ctrl-Break" daemon [_thread_in_native, id=6876, stack(0x000000f35bf00000,0x000000f35c000000)]
  0x000002451e3ca000 JavaThread "Service Thread" daemon [_thread_blocked, id=12284, stack(0x000000f35c000000,0x000000f35c100000)]
  0x000002451f0cd000 JavaThread "Hibernate Connection Pool Validation Thread" daemon [_thread_blocked, id=12280, stack(0x000000f35c400000,0x000000f35c500000)]
  0x000002451fa81000 JavaThread "C2 CompilerThread1" daemon [_thread_in_native, id=9176, stack(0x000000f35c500000,0x000000f35c600000)]

Other Threads:
  0x000002451d76e800 VMThread "VM Thread" [stack: 0x000000f35b600000,0x000000f35b700000] [id=12256]
  0x000002451e3cb000 WatcherThread [stack: 0x000000f35c100000,0x000000f35c200000] [id=10960]
  0x000002457fdc6800 GCTaskThread "GC Thread#0" [stack: 0x000000f35b100000,0x000000f35b200000] [id=8292]
  0x000002451e8b0800 GCTaskThread "GC Thread#1" [stack: 0x000000f35c300000,0x000000f35c400000] [id=9768]
  0x000002457fdf0000 ConcurrentGCThread "G1 Main Marker" [stack: 0x000000f35b200000,0x000000f35b300000] [id=2140]
  0x000002457fdf1000 ConcurrentGCThread "G1 Conc#0" [stack: 0x000000f35b300000,0x000000f35b400000] [id=1280]
  0x000002451f092800 ConcurrentGCThread "G1 Conc#1" [stack: 0x000000f35c200000,0x000000f35c300000] [id=3092]
  0x000002457fe79800 ConcurrentGCThread "G1 Refine#0" [stack: 0x000000f35b400000,0x000000f35b500000] [id=2224]
  0x000002457fe7a800 ConcurrentGCThread "G1 Young RemSet Sampling" [stack: 0x000000f35b500000,0x000000f35b600000] [id=12120]

Threads with active compile tasks:
C2 CompilerThread01786   !   4       jdk.internal.loader.BuiltinClassLoader::loadClassOrNull (143 bytes)
C1 CompilerThread01915       3       net.bytebuddy.description.type.TypeDescription$Generic$LazyProjection$OfMethodParameter::<init> (20 bytes)
C2 CompilerThread11802   !   4       java.util.concurrent.ConcurrentHashMap::putVal (432 bytes)

VM state:at safepoint (normal execution)

VM Mutex/Monitor currently owned by a thread:  ([mutex/lock_event])
[0x000002457fdad6f0] Threads_lock - owner thread: 0x000002451d76e800
[0x000002457fdab9b0] Heap_lock - owner thread: 0x000002457fdaf000

Heap address: 0x00000000a1000000, size: 1520 MB, Compressed Oops mode: 32-bit
Narrow klass base: 0x0000000000000000, Narrow klass shift: 3
Compressed class space size: 1073741824 Address: 0x0000000100000000

Heap:
 garbage-first heap   total 98304K, used 8889K [0x00000000a1000000, 0x0000000100000000)
  region size 1024K, 5 young (5120K), 5 survivors (5120K)
 Metaspace       used 30314K, capacity 30947K, committed 30976K, reserved 1085440K
  class space    used 3814K, capacity 4067K, committed 4096K, reserved 1048576K
Heap Regions: E=young(eden), S=young(survivor), O=old, HS=humongous(starts), HC=humongous(continues), CS=collection set, F=free, A=archive, TAMS=top-at-mark-start (previous, next)
|   0|0x00000000a1000000, 0x00000000a1100000, 0x00000000a1100000|100%|HS|  |TAMS 0x00000000a1100000, 0x00000000a1100000| Complete 
|   1|0x00000000a1100000, 0x00000000a1200000, 0x00000000a1200000|100%| O|  |TAMS 0x00000000a1200000, 0x00000000a1200000| Untracked 
|   2|0x00000000a1200000, 0x00000000a1300000, 0x00000000a1300000|100%| O|  |TAMS 0x00000000a1300000, 0x00000000a1300000| Untracked 
|   3|0x00000000a1300000, 0x00000000a13df200, 0x00000000a1400000| 87%| O|  |TAMS 0x00000000a13df200, 0x00000000a13df200| Untracked 
|   4|0x00000000a1400000, 0x00000000a1400000, 0x00000000a1500000|  0%| F|  |TAMS 0x00000000a1400000, 0x00000000a1400000| Untracked 
|   5|0x00000000a1500000, 0x00000000a1500000, 0x00000000a1600000|  0%| F|  |TAMS 0x00000000a1500000, 0x00000000a1500000| Untracked 
|   6|0x00000000a1600000, 0x00000000a1600000, 0x00000000a1700000|  0%| F|  |TAMS 0x00000000a1600000, 0x00000000a1600000| Untracked 
|   7|0x00000000a1700000, 0x00000000a1700000, 0x00000000a1800000|  0%| F|  |TAMS 0x00000000a1700000, 0x00000000a1700000| Untracked 
|   8|0x00000000a1800000, 0x00000000a1800000, 0x00000000a1900000|  0%| F|  |TAMS 0x00000000a1800000, 0x00000000a1800000| Untracked 
|   9|0x00000000a1900000, 0x00000000a1900000, 0x00000000a1a00000|  0%| F|  |TAMS 0x00000000a1900000, 0x00000000a1900000| Untracked 
|  10|0x00000000a1a00000, 0x00000000a1a00000, 0x00000000a1b00000|  0%| F|  |TAMS 0x00000000a1a00000, 0x00000000a1a00000| Untracked 
|  11|0x00000000a1b00000, 0x00000000a1b00000, 0x00000000a1c00000|  0%| F|  |TAMS 0x00000000a1b00000, 0x00000000a1b00000| Untracked 
|  12|0x00000000a1c00000, 0x00000000a1c00000, 0x00000000a1d00000|  0%| F|  |TAMS 0x00000000a1c00000, 0x00000000a1c00000| Untracked 
|  13|0x00000000a1d00000, 0x00000000a1d00000, 0x00000000a1e00000|  0%| F|  |TAMS 0x00000000a1d00000, 0x00000000a1d00000| Untracked 
|  14|0x00000000a1e00000, 0x00000000a1e00000, 0x00000000a1f00000|  0%| F|  |TAMS 0x00000000a1e00000, 0x00000000a1e00000| Untracked 
|  15|0x00000000a1f00000, 0x00000000a1f00000, 0x00000000a2000000|  0%| F|  |TAMS 0x00000000a1f00000, 0x00000000a1f00000| Untracked 
|  16|0x00000000a2000000, 0x00000000a2000000, 0x00000000a2100000|  0%| F|  |TAMS 0x00000000a2000000, 0x00000000a2000000| Untracked 
|  17|0x00000000a2100000, 0x00000000a2100000, 0x00000000a2200000|  0%| F|  |TAMS 0x00000000a2100000, 0x00000000a2100000| Untracked 
|  18|0x00000000a2200000, 0x00000000a2200000, 0x00000000a2300000|  0%| F|  |TAMS 0x00000000a2200000, 0x00000000a2200000| Untracked 
|  19|0x00000000a2300000, 0x00000000a2300000, 0x00000000a2400000|  0%| F|  |TAMS 0x00000000a2300000, 0x00000000a2300000| Untracked 
|  20|0x00000000a2400000, 0x00000000a2400000, 0x00000000a2500000|  0%| F|  |TAMS 0x00000000a2400000, 0x00000000a2400000| Untracked 
|  21|0x00000000a2500000, 0x00000000a2500000, 0x00000000a2600000|  0%| F|  |TAMS 0x00000000a2500000, 0x00000000a2500000| Untracked 
|  22|0x00000000a2600000, 0x00000000a2600000, 0x00000000a2700000|  0%| F|  |TAMS 0x00000000a2600000, 0x00000000a2600000| Untracked 
|  23|0x00000000a2700000, 0x00000000a2700000, 0x00000000a2800000|  0%| F|  |TAMS 0x00000000a2700000, 0x00000000a2700000| Untracked 
|  24|0x00000000a2800000, 0x00000000a2800000, 0x00000000a2900000|  0%| F|  |TAMS 0x00000000a2800000, 0x00000000a2800000| Untracked 
|  25|0x00000000a2900000, 0x00000000a2900000, 0x00000000a2a00000|  0%| F|  |TAMS 0x00000000a2900000, 0x00000000a2900000| Untracked 
|  26|0x00000000a2a00000, 0x00000000a2a00000, 0x00000000a2b00000|  0%| F|  |TAMS 0x00000000a2a00000, 0x00000000a2a00000| Untracked 
|  27|0x00000000a2b00000, 0x00000000a2b00000, 0x00000000a2c00000|  0%| F|  |TAMS 0x00000000a2b00000, 0x00000000a2b00000| Untracked 
|  28|0x00000000a2c00000, 0x00000000a2c00000, 0x00000000a2d00000|  0%| F|  |TAMS 0x00000000a2c00000, 0x00000000a2c00000| Untracked 
|  29|0x00000000a2d00000, 0x00000000a2d00000, 0x00000000a2e00000|  0%| F|  |TAMS 0x00000000a2d00000, 0x00000000a2d00000| Untracked 
|  30|0x00000000a2e00000, 0x00000000a2e00000, 0x00000000a2f00000|  0%| F|  |TAMS 0x00000000a2e00000, 0x00000000a2e00000| Untracked 
|  31|0x00000000a2f00000, 0x00000000a2f00000, 0x00000000a3000000|  0%| F|  |TAMS 0x00000000a2f00000, 0x00000000a2f00000| Untracked 
|  32|0x00000000a3000000, 0x00000000a3000000, 0x00000000a3100000|  0%| F|  |TAMS 0x00000000a3000000, 0x00000000a3000000| Untracked 
|  33|0x00000000a3100000, 0x00000000a3100000, 0x00000000a3200000|  0%| F|  |TAMS 0x00000000a3100000, 0x00000000a3100000| Untracked 
|  34|0x00000000a3200000, 0x00000000a3200000, 0x00000000a3300000|  0%| F|  |TAMS 0x00000000a3200000, 0x00000000a3200000| Untracked 
|  35|0x00000000a3300000, 0x00000000a3300000, 0x00000000a3400000|  0%| F|  |TAMS 0x00000000a3300000, 0x00000000a3300000| Untracked 
|  36|0x00000000a3400000, 0x00000000a3400000, 0x00000000a3500000|  0%| F|  |TAMS 0x00000000a3400000, 0x00000000a3400000| Untracked 
|  37|0x00000000a3500000, 0x00000000a3500000, 0x00000000a3600000|  0%| F|  |TAMS 0x00000000a3500000, 0x00000000a3500000| Untracked 
|  38|0x00000000a3600000, 0x00000000a3600000, 0x00000000a3700000|  0%| F|  |TAMS 0x00000000a3600000, 0x00000000a3600000| Untracked 
|  39|0x00000000a3700000, 0x00000000a3700000, 0x00000000a3800000|  0%| F|  |TAMS 0x00000000a3700000, 0x00000000a3700000| Untracked 
|  40|0x00000000a3800000, 0x00000000a3800000, 0x00000000a3900000|  0%| F|  |TAMS 0x00000000a3800000, 0x00000000a3800000| Untracked 
|  41|0x00000000a3900000, 0x00000000a3900000, 0x00000000a3a00000|  0%| F|  |TAMS 0x00000000a3900000, 0x00000000a3900000| Untracked 
|  42|0x00000000a3a00000, 0x00000000a3a00000, 0x00000000a3b00000|  0%| F|  |TAMS 0x00000000a3a00000, 0x00000000a3a00000| Untracked 
|  43|0x00000000a3b00000, 0x00000000a3b00000, 0x00000000a3c00000|  0%| F|  |TAMS 0x00000000a3b00000, 0x00000000a3b00000| Untracked 
|  44|0x00000000a3c00000, 0x00000000a3c00000, 0x00000000a3d00000|  0%| F|  |TAMS 0x00000000a3c00000, 0x00000000a3c00000| Untracked 
|  45|0x00000000a3d00000, 0x00000000a3d00000, 0x00000000a3e00000|  0%| F|  |TAMS 0x00000000a3d00000, 0x00000000a3d00000| Untracked 
|  46|0x00000000a3e00000, 0x00000000a3e00000, 0x00000000a3f00000|  0%| F|  |TAMS 0x00000000a3e00000, 0x00000000a3e00000| Untracked 
|  47|0x00000000a3f00000, 0x00000000a3f00000, 0x00000000a4000000|  0%| F|  |TAMS 0x00000000a3f00000, 0x00000000a3f00000| Untracked 
|  48|0x00000000a4000000, 0x00000000a40cf420, 0x00000000a4100000| 80%| S|CS|TAMS 0x00000000a4000000, 0x00000000a4000000| Complete 
|  49|0x00000000a4100000, 0x00000000a4200000, 0x00000000a4200000|100%| S|CS|TAMS 0x00000000a4100000, 0x00000000a4100000| Complete 
|  50|0x00000000a4200000, 0x00000000a4300000, 0x00000000a4300000|100%| S|CS|TAMS 0x00000000a4200000, 0x00000000a4200000| Complete 
|  51|0x00000000a4300000, 0x00000000a4400000, 0x00000000a4400000|100%| S|CS|TAMS 0x00000000a4300000, 0x00000000a4300000| Complete 
|  52|0x00000000a4400000, 0x00000000a4500000, 0x00000000a4500000|100%| S|CS|TAMS 0x00000000a4400000, 0x00000000a4400000| Complete 
|  53|0x00000000a4500000, 0x00000000a4500000, 0x00000000a4600000|  0%| F|  |TAMS 0x00000000a4500000, 0x00000000a4500000| Untracked 
|  54|0x00000000a4600000, 0x00000000a4600000, 0x00000000a4700000|  0%| F|  |TAMS 0x00000000a4600000, 0x00000000a4600000| Untracked 
|  55|0x00000000a4700000, 0x00000000a4700000, 0x00000000a4800000|  0%| F|  |TAMS 0x00000000a4700000, 0x00000000a4700000| Untracked 
|  56|0x00000000a4800000, 0x00000000a4800000, 0x00000000a4900000|  0%| F|  |TAMS 0x00000000a4800000, 0x00000000a4800000| Untracked 
|  57|0x00000000a4900000, 0x00000000a4900000, 0x00000000a4a00000|  0%| F|  |TAMS 0x00000000a4900000, 0x00000000a4900000| Untracked 
|  58|0x00000000a4a00000, 0x00000000a4a00000, 0x00000000a4b00000|  0%| F|  |TAMS 0x00000000a4a00000, 0x00000000a4a00000| Untracked 
|  59|0x00000000a4b00000, 0x00000000a4b00000, 0x00000000a4c00000|  0%| F|  |TAMS 0x00000000a4b00000, 0x00000000a4b00000| Untracked 
|  60|0x00000000a4c00000, 0x00000000a4c00000, 0x00000000a4d00000|  0%| F|  |TAMS 0x00000000a4c00000, 0x00000000a4c00000| Untracked 
|  61|0x00000000a4d00000, 0x00000000a4d00000, 0x00000000a4e00000|  0%| F|  |TAMS 0x00000000a4d00000, 0x00000000a4d00000| Untracked 
|  62|0x00000000a4e00000, 0x00000000a4e00000, 0x00000000a4f00000|  0%| F|  |TAMS 0x00000000a4e00000, 0x00000000a4e00000| Untracked 
|  63|0x00000000a4f00000, 0x00000000a4f00000, 0x00000000a5000000|  0%| F|  |TAMS 0x00000000a4f00000, 0x00000000a4f00000| Untracked 
|  64|0x00000000a5000000, 0x00000000a5000000, 0x00000000a5100000|  0%| F|  |TAMS 0x00000000a5000000, 0x00000000a5000000| Untracked 
|  65|0x00000000a5100000, 0x00000000a5100000, 0x00000000a5200000|  0%| F|  |TAMS 0x00000000a5100000, 0x00000000a5100000| Untracked 
|  66|0x00000000a5200000, 0x00000000a5200000, 0x00000000a5300000|  0%| F|  |TAMS 0x00000000a5200000, 0x00000000a5200000| Untracked 
|  67|0x00000000a5300000, 0x00000000a5300000, 0x00000000a5400000|  0%| F|  |TAMS 0x00000000a5300000, 0x00000000a5300000| Untracked 
|  68|0x00000000a5400000, 0x00000000a5400000, 0x00000000a5500000|  0%| F|  |TAMS 0x00000000a5400000, 0x00000000a5400000| Untracked 
|  69|0x00000000a5500000, 0x00000000a5500000, 0x00000000a5600000|  0%| F|  |TAMS 0x00000000a5500000, 0x00000000a5500000| Untracked 
|  70|0x00000000a5600000, 0x00000000a5600000, 0x00000000a5700000|  0%| F|  |TAMS 0x00000000a5600000, 0x00000000a5600000| Untracked 
|  71|0x00000000a5700000, 0x00000000a5700000, 0x00000000a5800000|  0%| F|  |TAMS 0x00000000a5700000, 0x00000000a5700000| Untracked 
|  72|0x00000000a5800000, 0x00000000a5800000, 0x00000000a5900000|  0%| F|  |TAMS 0x00000000a5800000, 0x00000000a5800000| Untracked 
|  73|0x00000000a5900000, 0x00000000a5900000, 0x00000000a5a00000|  0%| F|  |TAMS 0x00000000a5900000, 0x00000000a5900000| Untracked 
|  74|0x00000000a5a00000, 0x00000000a5a00000, 0x00000000a5b00000|  0%| F|  |TAMS 0x00000000a5a00000, 0x00000000a5a00000| Untracked 
|  75|0x00000000a5b00000, 0x00000000a5b00000, 0x00000000a5c00000|  0%| F|  |TAMS 0x00000000a5b00000, 0x00000000a5b00000| Untracked 
|  76|0x00000000a5c00000, 0x00000000a5c00000, 0x00000000a5d00000|  0%| F|  |TAMS 0x00000000a5c00000, 0x00000000a5c00000| Untracked 
|  77|0x00000000a5d00000, 0x00000000a5d00000, 0x00000000a5e00000|  0%| F|  |TAMS 0x00000000a5d00000, 0x00000000a5d00000| Untracked 
|  78|0x00000000a5e00000, 0x00000000a5e00000, 0x00000000a5f00000|  0%| F|  |TAMS 0x00000000a5e00000, 0x00000000a5e00000| Untracked 
|  79|0x00000000a5f00000, 0x00000000a5f00000, 0x00000000a6000000|  0%| F|  |TAMS 0x00000000a5f00000, 0x00000000a5f00000| Untracked 
|  80|0x00000000a6000000, 0x00000000a6000000, 0x00000000a6100000|  0%| F|  |TAMS 0x00000000a6000000, 0x00000000a6000000| Untracked 
|  81|0x00000000a6100000, 0x00000000a6100000, 0x00000000a6200000|  0%| F|  |TAMS 0x00000000a6100000, 0x00000000a6100000| Untracked 
|  82|0x00000000a6200000, 0x00000000a6200000, 0x00000000a6300000|  0%| F|  |TAMS 0x00000000a6200000, 0x00000000a6200000| Untracked 
|  83|0x00000000a6300000, 0x00000000a6300000, 0x00000000a6400000|  0%| F|  |TAMS 0x00000000a6300000, 0x00000000a6300000| Untracked 
|  84|0x00000000a6400000, 0x00000000a6400000, 0x00000000a6500000|  0%| F|  |TAMS 0x00000000a6400000, 0x00000000a6400000| Untracked 
|  85|0x00000000a6500000, 0x00000000a6500000, 0x00000000a6600000|  0%| F|  |TAMS 0x00000000a6500000, 0x00000000a6500000| Untracked 
|  86|0x00000000a6600000, 0x00000000a6600000, 0x00000000a6700000|  0%| F|  |TAMS 0x00000000a6600000, 0x00000000a6600000| Untracked 
|  87|0x00000000a6700000, 0x00000000a6700000, 0x00000000a6800000|  0%| F|  |TAMS 0x00000000a6700000, 0x00000000a6700000| Untracked 
|  88|0x00000000a6800000, 0x00000000a6800000, 0x00000000a6900000|  0%| F|  |TAMS 0x00000000a6800000, 0x00000000a6800000| Untracked 
|  89|0x00000000a6900000, 0x00000000a6900000, 0x00000000a6a00000|  0%| F|  |TAMS 0x00000000a6900000, 0x00000000a6900000| Untracked 
|  90|0x00000000a6a00000, 0x00000000a6a00000, 0x00000000a6b00000|  0%| F|  |TAMS 0x00000000a6a00000, 0x00000000a6a00000| Untracked 
|  91|0x00000000a6b00000, 0x00000000a6b00000, 0x00000000a6c00000|  0%| F|  |TAMS 0x00000000a6b00000, 0x00000000a6b00000| Untracked 
|  92|0x00000000a6c00000, 0x00000000a6c00000, 0x00000000a6d00000|  0%| F|  |TAMS 0x00000000a6c00000, 0x00000000a6c00000| Untracked 
|  93|0x00000000a6d00000, 0x00000000a6d00000, 0x00000000a6e00000|  0%| F|  |TAMS 0x00000000a6d00000, 0x00000000a6d00000| Untracked 
|  94|0x00000000a6e00000, 0x00000000a6e00000, 0x00000000a6f00000|  0%| F|  |TAMS 0x00000000a6e00000, 0x00000000a6e00000| Untracked 
|  95|0x00000000a6f00000, 0x00000000a6f00000, 0x00000000a7000000|  0%| F|  |TAMS 0x00000000a6f00000, 0x00000000a6f00000| Untracked 

Card table byte_map: [0x00000245177d0000,0x0000024517ad0000] _byte_map_base: 0x00000245172c8000

Marking Bits (Prev, Next): (CMBitMap*) 0x000002457fde9380, (CMBitMap*) 0x000002457fde9348
 Prev Bits: [0x0000024519590000, 0x000002451ad50000)
 Next Bits: [0x0000024517dd0000, 0x0000024519590000)

Polling page: 0x000002457dd10000

Metaspace:

Usage:
  Non-class:     26.25 MB capacity,    25.88 MB ( 99%) used,   310.09 KB (  1%) free+waste,    69.75 KB ( <1%) overhead. 
      Class:      3.97 MB capacity,     3.73 MB ( 94%) used,   218.48 KB (  5%) free+waste,    33.81 KB ( <1%) overhead. 
       Both:     30.22 MB capacity,    29.60 MB ( 98%) used,   528.57 KB (  2%) free+waste,   103.56 KB ( <1%) overhead. 

Virtual space:
  Non-class space:       36.00 MB reserved,      26.25 MB ( 73%) committed 
      Class space:        1.00 GB reserved,       4.00 MB ( <1%) committed 
             Both:        1.04 GB reserved,      30.25 MB (  3%) committed 

Chunk freelists:
   Non-Class:  0 bytes
       Class:  3.63 KB
        Both:  3.63 KB

CodeHeap 'non-profiled nmethods': size=120000Kb used=816Kb max_used=816Kb free=119183Kb
 bounds [0x000002450fd80000, 0x000002450fff0000, 0x00000245172b0000]
CodeHeap 'profiled nmethods': size=120000Kb used=3649Kb max_used=3649Kb free=116350Kb
 bounds [0x0000024508850000, 0x0000024508bf0000, 0x000002450fd80000]
CodeHeap 'non-nmethods': size=5760Kb used=1178Kb max_used=1190Kb free=4581Kb
 bounds [0x00000245082b0000, 0x0000024508520000, 0x0000024508850000]
 total_blobs=2858 nmethods=1907 adapters=435
 compilation: enabled
              stopped_count=0, restarted_count=0
 full_count=0

Compilation events (10 events):
Event: 5.949 Thread 0x000002451d7c5800 1842       3       java.lang.Character::getType (9 bytes)
Event: 5.949 Thread 0x000002451d7c5800 nmethod 1842 0x0000024508bbf710 code [0x0000024508bbf8e0, 0x0000024508bbfb20]
Event: 5.985 Thread 0x000002451d7c5800 1843       3       jdk.internal.org.objectweb.asm.MethodVisitor::visitFieldInsn (20 bytes)
Event: 5.985 Thread 0x000002451d7c5800 nmethod 1843 0x0000024508bbfc10 code [0x0000024508bbfde0, 0x0000024508bc0030]
Event: 6.193 Thread 0x000002451d7c5800 1844       3       java.lang.Class::getMethod (59 bytes)
Event: 6.194 Thread 0x000002451d7c5800 nmethod 1844 0x0000024508bc0110 code [0x0000024508bc03e0, 0x0000024508bc1070]
Event: 6.194 Thread 0x000002451d7c5800 1845       3       java.lang.Class::getMethod0 (31 bytes)
Event: 6.195 Thread 0x000002451d7c5800 nmethod 1845 0x0000024508bc1510 code [0x0000024508bc16e0, 0x0000024508bc1960]
Event: 6.195 Thread 0x000002451d7c5800 1846       3       java.lang.PublicMethods$MethodList::getMostSpecific (63 bytes)
Event: 6.195 Thread 0x000002451d7c5800 nmethod 1846 0x0000024508bc1a90 code [0x0000024508bc1c60, 0x0000024508bc1fd0]

GC Heap History (6 events):
Event: 1.555 GC heap before
{Heap before GC invocations=0 (full 0):
 garbage-first heap   total 98304K, used 24576K [0x00000000a1000000, 0x0000000100000000)
  region size 1024K, 24 young (24576K), 0 survivors (0K)
 Metaspace       used 10917K, capacity 11359K, committed 11520K, reserved 1058816K
  class space    used 1127K, capacity 1262K, committed 1280K, reserved 1048576K
}
Event: 1.560 GC heap after
{Heap after GC invocations=1 (full 0):
 garbage-first heap   total 98304K, used 4096K [0x00000000a1000000, 0x0000000100000000)
  region size 1024K, 3 young (3072K), 3 survivors (3072K)
 Metaspace       used 10917K, capacity 11359K, committed 11520K, reserved 1058816K
  class space    used 1127K, capacity 1262K, committed 1280K, reserved 1048576K
}
Event: 4.260 GC heap before
{Heap before GC invocations=1 (full 0):
 garbage-first heap   total 98304K, used 58368K [0x00000000a1000000, 0x0000000100000000)
  region size 1024K, 57 young (58368K), 3 survivors (3072K)
 Metaspace       used 18587K, capacity 19143K, committed 19456K, reserved 1067008K
  class space    used 2277K, capacity 2500K, committed 2560K, reserved 1048576K
}
Event: 4.267 GC heap after
{Heap after GC invocations=2 (full 0):
 garbage-first heap   total 98304K, used 6034K [0x00000000a1000000, 0x0000000100000000)
  region size 1024K, 5 young (5120K), 5 survivors (5120K)
 Metaspace       used 18587K, capacity 19143K, committed 19456K, reserved 1067008K
  class space    used 2277K, capacity 2500K, committed 2560K, reserved 1048576K
}
Event: 4.722 GC heap before
{Heap before GC invocations=2 (full 0):
 garbage-first heap   total 98304K, used 13202K [0x00000000a1000000, 0x0000000100000000)
  region size 1024K, 13 young (13312K), 5 survivors (5120K)
 Metaspace       used 20584K, capacity 21123K, committed 21248K, reserved 1067008K
  class space    used 2513K, capacity 2737K, committed 2816K, reserved 1048576K
}
Event: 4.729 GC heap after
{Heap after GC invocations=3 (full 0):
 garbage-first heap   total 98304K, used 6757K [0x00000000a1000000, 0x0000000100000000)
  region size 1024K, 3 young (3072K), 3 survivors (3072K)
 Metaspace       used 20584K, capacity 21123K, committed 21248K, reserved 1067008K
  class space    used 2513K, capacity 2737K, committed 2816K, reserved 1048576K
}

Deoptimization events (10 events):
Event: 4.490 Thread 0x000002457fdaf000 Uncommon trap: reason=unstable_if action=reinterpret pc=0x000002450fdce310 method=java.lang.String.substring(II)Ljava/lang/String; @ 31 c2
Event: 4.490 Thread 0x000002457fdaf000 Uncommon trap: reason=unstable_if action=reinterpret pc=0x000002450fdafb84 method=java.lang.String.isLatin1()Z @ 10 c2
Event: 4.490 Thread 0x000002457fdaf000 Uncommon trap: reason=unstable_if action=reinterpret pc=0x000002450fdf3c34 method=java.lang.String.startsWith(Ljava/lang/String;I)Z @ 46 c2
Event: 4.490 Thread 0x000002457fdaf000 Uncommon trap: reason=unstable_if action=reinterpret pc=0x000002450fdbc170 method=java.lang.String.startsWith(Ljava/lang/String;I)Z @ 46 c2
Event: 4.618 Thread 0x000002457fdaf000 Uncommon trap: reason=unstable_if action=reinterpret pc=0x000002450fdb6c3c method=java.util.zip.ZipFile$Source.getEntryPos([BZ)I @ 68 c2
Event: 5.200 Thread 0x000002457fdaf000 Uncommon trap: reason=bimorphic_or_optimized_type_check action=maybe_recompile pc=0x000002450fe26790 method=java.util.HashMap.putVal(ILjava/lang/Object;Ljava/lang/Object;ZZ)Ljava/lang/Object; @ 56 c2
Event: 5.221 Thread 0x000002457fdaf000 Uncommon trap: reason=bimorphic_or_optimized_type_check action=maybe_recompile pc=0x000002450fe26790 method=java.util.HashMap.putVal(ILjava/lang/Object;Ljava/lang/Object;ZZ)Ljava/lang/Object; @ 56 c2
Event: 5.313 Thread 0x000002457fdaf000 Uncommon trap: reason=unstable_if action=reinterpret pc=0x000002450fdbd150 method=sun.reflect.generics.parser.SignatureParser.current()C @ 39 c2
Event: 5.389 Thread 0x000002457fdaf000 Uncommon trap: reason=bimorphic_or_optimized_type_check action=maybe_recompile pc=0x000002450fe26790 method=java.util.HashMap.putVal(ILjava/lang/Object;Ljava/lang/Object;ZZ)Ljava/lang/Object; @ 56 c2
Event: 5.390 Thread 0x000002457fdaf000 Uncommon trap: reason=bimorphic_or_optimized_type_check action=maybe_recompile pc=0x000002450fe26790 method=java.util.HashMap.putVal(ILjava/lang/Object;Ljava/lang/Object;ZZ)Ljava/lang/Object; @ 56 c2

Classes redefined (0 events):
No events

Internal exceptions (10 events):
Event: 3.660 Thread 0x000002457fdaf000 Exception <a 'java/lang/NoSuchMethodError'{0x00000000a3ca7f40}: java.lang.invoke.DirectMethodHandle$Holder.invokeStaticInit(Ljava/lang/Object;IIII)Ljava/lang/Object;> (0x00000000a3ca7f40) thrown at [t:/workspace/open/src/hotspot/share/interpreter/linkReso
Event: 3.965 Thread 0x000002457fdaf000 Exception <a 'java/lang/NoSuchMethodError'{0x00000000a3cd8718}: java.lang.invoke.DirectMethodHandle$Holder.invokeStaticInit(Ljava/lang/Object;Ljava/lang/Object;IIII)Ljava/lang/Object;> (0x00000000a3cd8718) thrown at [t:/workspace/open/src/hotspot/share/in
Event: 4.060 Thread 0x000002457fdaf000 Implicit null exception at 0x000002450fdb8aa1 to 0x000002450fdba172
Event: 4.060 Thread 0x000002457fdaf000 Implicit null exception at 0x000002450fdbbaaf to 0x000002450fdbbb1d
Event: 4.278 Thread 0x000002457fdaf000 Exception <a 'java/lang/NoSuchMethodError'{0x00000000a6f43df8}: java.lang.invoke.DirectMethodHandle$Holder.invokeStatic(Ljava/lang/Object;Ljava/lang/Object;Ljava/lang/Object;Ljava/lang/Object;Ljava/lang/Object;Ljava/lang/Object;Ljava/lang/Object;Ljava/lan
Event: 4.279 Thread 0x000002457fdaf000 Exception <a 'java/lang/NoSuchMethodError'{0x00000000a6f521d0}: java.lang.invoke.DirectMethodHandle$Holder.invokeStatic(Ljava/lang/Object;Ljava/lang/Object;Ljava/lang/Object;Ljava/lang/Object;Ljava/lang/Object;Ljava/lang/Object;Ljava/lang/Object;Ljava/lan
Event: 4.280 Thread 0x000002457fdaf000 Exception <a 'java/lang/NoSuchMethodError'{0x00000000a6f60388}: java.lang.invoke.DirectMethodHandle$Holder.invokeSpecial(Ljava/lang/Object;Ljava/lang/Object;IILjava/lang/Object;Ljava/lang/Object;Ljava/lang/Object;)Ljava/lang/Object;> (0x00000000a6f60388) 
Event: 4.280 Thread 0x000002457fdaf000 Exception <a 'java/lang/NoSuchMethodError'{0x00000000a6f63bb8}: java.lang.invoke.DelegatingMethodHandle$Holder.reinvoke_L(Ljava/lang/Object;IILjava/lang/Object;Ljava/lang/Object;Ljava/lang/Object;)Ljava/lang/Object;> (0x00000000a6f63bb8) thrown at [t:/wor
Event: 4.281 Thread 0x000002457fdaf000 Exception <a 'java/lang/NoSuchMethodError'{0x00000000a6f681e8}: java.lang.invoke.DirectMethodHandle$Holder.invokeStatic(Ljava/lang/Object;Ljava/lang/Object;Ljava/lang/Object;Ljava/lang/Object;I)Ljava/lang/Object;> (0x00000000a6f681e8) thrown at [t:/worksp
Event: 5.045 Thread 0x000002457fdaf000 Exception <a 'java/lang/NoSuchMethodError'{0x00000000a64539b0}: java.lang.invoke.DirectMethodHandle$Holder.invokeVirtual(Ljava/lang/Object;Ljava/lang/Object;)V> (0x00000000a64539b0) thrown at [t:/workspace/open/src/hotspot/share/interpreter/linkResolver.c

Events (10 events):
Event: 6.203 loading class net/bytebuddy/description/method/ParameterDescription$TypeSubstituting
Event: 6.203 loading class net/bytebuddy/description/method/ParameterDescription$TypeSubstituting done
Event: 6.204 loading class net/bytebuddy/description/method/ParameterDescription$ForLoadedParameter$OfConstructor
Event: 6.204 loading class net/bytebuddy/description/method/ParameterDescription$ForLoadedParameter$OfConstructor done
Event: 6.204 loading class net/bytebuddy/description/annotation/AnnotationList$Empty
Event: 6.204 loading class net/bytebuddy/description/annotation/AnnotationList$Empty done
Event: 6.205 loading class net/bytebuddy/description/method/ParameterDescription$Token
Event: 6.205 loading class net/bytebuddy/description/method/ParameterDescription$Token done
Event: 6.205 loading class net/bytebuddy/description/type/TypeDescription$Generic$LazyProjection$OfConstructorParameter
Event: 6.205 loading class net/bytebuddy/description/type/TypeDescription$Generic$LazyProjection$OfConstructorParameter done


Dynamic libraries:
0x00007ff707540000 - 0x00007ff707587000 	C:\Program Files\Java\jdk-11.0.6\bin\java.exe
0x00007ffc843c0000 - 0x00007ffc845b0000 	C:\Windows\SYSTEM32\ntdll.dll
0x00007ffc82e80000 - 0x00007ffc82f32000 	C:\Windows\System32\KERNEL32.DLL
0x00007ffc821c0000 - 0x00007ffc82463000 	C:\Windows\System32\KERNELBASE.dll
0x00007ffc82970000 - 0x00007ffc82a13000 	C:\Windows\System32\ADVAPI32.dll
0x00007ffc82cc0000 - 0x00007ffc82d5e000 	C:\Windows\System32\msvcrt.dll
0x00007ffc82a20000 - 0x00007ffc82ab7000 	C:\Windows\System32\sechost.dll
0x00007ffc83b70000 - 0x00007ffc83c90000 	C:\Windows\System32\RPCRT4.dll
0x00007ffc82b20000 - 0x00007ffc82cb4000 	C:\Windows\System32\USER32.dll
0x00007ffc81400000 - 0x00007ffc81421000 	C:\Windows\System32\win32u.dll
0x00007ffc82760000 - 0x00007ffc82786000 	C:\Windows\System32\GDI32.dll
0x00007ffc815d0000 - 0x00007ffc81764000 	C:\Windows\System32\gdi32full.dll
0x00007ffc81770000 - 0x00007ffc8180e000 	C:\Windows\System32\msvcp_win.dll
0x00007ffc81810000 - 0x00007ffc8190a000 	C:\Windows\System32\ucrtbase.dll
0x00007ffc702a0000 - 0x00007ffc70525000 	C:\Windows\WinSxS\amd64_microsoft.windows.common-controls_6595b64144ccf1df_6.0.18362.778_none_e6c6b761130d4fb8\COMCTL32.dll
0x00007ffc77d50000 - 0x00007ffc77d5a000 	C:\Windows\SYSTEM32\VERSION.dll
0x00007ffc83120000 - 0x00007ffc83456000 	C:\Windows\System32\combase.dll
0x00007ffc81350000 - 0x00007ffc813d0000 	C:\Windows\System32\bcryptPrimitives.dll
0x00007ffc82790000 - 0x00007ffc827be000 	C:\Windows\System32\IMM32.DLL
0x00007ffc688f0000 - 0x00007ffc68906000 	C:\Program Files\Java\jdk-11.0.6\bin\vcruntime140.dll
0x00007ffc591b0000 - 0x00007ffc5925a000 	C:\Program Files\Java\jdk-11.0.6\bin\msvcp140.dll
0x00007ffc3f4d0000 - 0x00007ffc3fff9000 	C:\Program Files\Java\jdk-11.0.6\bin\server\jvm.dll
0x00007ffc83b60000 - 0x00007ffc83b68000 	C:\Windows\System32\PSAPI.DLL
0x00007ffc7f250000 - 0x00007ffc7f274000 	C:\Windows\SYSTEM32\WINMM.dll
0x00007ffc6cd70000 - 0x00007ffc6cd79000 	C:\Windows\SYSTEM32\WSOCK32.dll
0x00007ffc82e10000 - 0x00007ffc82e7f000 	C:\Windows\System32\WS2_32.dll
0x00007ffc7f220000 - 0x00007ffc7f24d000 	C:\Windows\SYSTEM32\WINMMBASE.dll
0x00007ffc81580000 - 0x00007ffc815ca000 	C:\Windows\System32\cfgmgr32.dll
0x00007ffc81330000 - 0x00007ffc81341000 	C:\Windows\System32\kernel.appcore.dll
0x00007ffc65410000 - 0x00007ffc65421000 	C:\Program Files\Java\jdk-11.0.6\bin\verify.dll
0x00007ffc6f560000 - 0x00007ffc6f754000 	C:\Windows\SYSTEM32\DBGHELP.DLL
0x00007ffc6f450000 - 0x00007ffc6f47a000 	C:\Windows\SYSTEM32\dbgcore.DLL
0x00007ffc62180000 - 0x00007ffc621a9000 	C:\Program Files\Java\jdk-11.0.6\bin\java.dll
0x00007ffc7c9d0000 - 0x00007ffc7c9ff000 	C:\Program Files\Java\jdk-11.0.6\bin\instrument.dll
0x00007ffc60d70000 - 0x00007ffc60d86000 	C:\Program Files\Java\jdk-11.0.6\bin\zip.dll
0x00007ffc794c0000 - 0x00007ffc794ca000 	C:\Program Files\Java\jdk-11.0.6\bin\jimage.dll
0x00007ffc83c90000 - 0x00007ffc84375000 	C:\Windows\System32\SHELL32.dll
0x00007ffc82890000 - 0x00007ffc82939000 	C:\Windows\System32\shcore.dll
0x00007ffc81a40000 - 0x00007ffc821c0000 	C:\Windows\System32\windows.storage.dll
0x00007ffc81290000 - 0x00007ffc812b3000 	C:\Windows\System32\profapi.dll
0x00007ffc812e0000 - 0x00007ffc8132a000 	C:\Windows\System32\powrprof.dll
0x00007ffc81280000 - 0x00007ffc81290000 	C:\Windows\System32\UMPDC.dll
0x00007ffc82ac0000 - 0x00007ffc82b12000 	C:\Windows\System32\shlwapi.dll
0x00007ffc81910000 - 0x00007ffc81927000 	C:\Windows\System32\cryptsp.dll
0x00007ffc60880000 - 0x00007ffc60899000 	C:\Program Files\Java\jdk-11.0.6\bin\net.dll
0x00007ffc78440000 - 0x00007ffc78530000 	C:\Windows\SYSTEM32\WINHTTP.dll
0x00007ffc80a40000 - 0x00007ffc80aa7000 	C:\Windows\system32\mswsock.dll
0x00007ffc60860000 - 0x00007ffc60873000 	C:\Program Files\Java\jdk-11.0.6\bin\nio.dll
0x00007ffc69e60000 - 0x00007ffc69e7a000 	C:\Program Files\JetBrains\IntelliJ IDEA 2019.2.4\bin\breakgen64.dll
0x00007ffc805c0000 - 0x00007ffc805f3000 	C:\Windows\system32\rsaenh.dll
0x00007ffc813d0000 - 0x00007ffc813f6000 	C:\Windows\System32\bcrypt.dll
0x00007ffc81170000 - 0x00007ffc81195000 	C:\Windows\SYSTEM32\USERENV.dll
0x00007ffc80bc0000 - 0x00007ffc80bcc000 	C:\Windows\SYSTEM32\CRYPTBASE.dll
0x00007ffc80760000 - 0x00007ffc8079a000 	C:\Windows\SYSTEM32\IPHLPAPI.DLL
0x00007ffc83b50000 - 0x00007ffc83b58000 	C:\Windows\System32\NSI.dll
0x00007ffc7a800000 - 0x00007ffc7a816000 	C:\Windows\SYSTEM32\dhcpcsvc6.DLL
0x00007ffc7a9e0000 - 0x00007ffc7a9fc000 	C:\Windows\SYSTEM32\dhcpcsvc.DLL
0x00007ffc807a0000 - 0x00007ffc8086a000 	C:\Windows\SYSTEM32\DNSAPI.dll

dbghelp: loaded successfully - version: 4.0.5 - missing functions: none
symbol engine: initialized successfully - sym options: 0x614 - pdb path: .;C:\Program Files\Java\jdk-11.0.6\bin;C:\Windows\SYSTEM32;C:\Windows\WinSxS\amd64_microsoft.windows.common-controls_6595b64144ccf1df_6.0.18362.778_none_e6c6b761130d4fb8;C:\Program Files\Java\jdk-11.0.6\bin\server;C:\Program Files\JetBrains\IntelliJ IDEA 2019.2.4\bin

VM Arguments:
jvm_args: -ea -Didea.test.cyclic.buffer.size=1048576 -javaagent:C:\Program Files\JetBrains\IntelliJ IDEA 2019.2.4\lib\idea_rt.jar=53676:C:\Program Files\JetBrains\IntelliJ IDEA 2019.2.4\bin -Dfile.encoding=UTF-8 
java_command: com.intellij.rt.execution.junit.JUnitStarter -ideVersion5 -junit5 org.levelup.application.dao.CompanyLegalDetailsDaoImplIntegrationTest,testUpdateLegalDetailInCompany_
java_class_path (initial): C:\Program Files\JetBrains\IntelliJ IDEA 2019.2.4\lib\idea_rt.jar;C:\Program Files\JetBrains\IntelliJ IDEA 2019.2.4\plugins\junit\lib\junit-rt.jar;C:\Program Files\JetBrains\IntelliJ IDEA 2019.2.4\plugins\junit\lib\junit5-rt.jar;C:\Users\luruc\.m2\repository\org\junit\platform\junit-platform-launcher\1.6.2\junit-platform-launcher-1.6.2.jar;C:\Users\luruc\.m2\repository\org\apiguardian\apiguardian-api\1.1.0\apiguardian-api-1.1.0.jar;C:\Users\luruc\.m2\repository\org\junit\platform\junit-platform-engine\1.6.2\junit-platform-engine-1.6.2.jar;C:\Users\luruc\.m2\repository\org\opentest4j\opentest4j\1.2.0\opentest4j-1.2.0.jar;C:\Users\luruc\.m2\repository\org\junit\platform\junit-platform-commons\1.6.2\junit-platform-commons-1.6.2.jar;C:\Users\luruc\IdeaProjects\application\target\test-classes;C:\Users\luruc\IdeaProjects\application\target\classes;C:\Users\luruc\.m2\repository\org\postgresql\postgresql\42.2.11\postgresql-42.2.11.jar;C:\Users\luruc\.m2\repository\org\hibernate\hibernate-core\5.4.13.Final\hibernate-core-5.4.13.Final.jar;C:\Users\luruc\.m2\repository\org\jboss\logging\jboss-logging\3.3.2.Final\jboss-logging-3.3.2.Final.jar;C:\Users\luruc\.m2\repository\javax\persistence\javax.persistence-api\2.2\javax.persistence-api-2.2.jar;C:\Users\luruc\.m2\repository\org\javassist\javassist\3.24.0-GA\javassist-3.24.0-GA.jar;C:\Users\luruc\.m2\repository\net\bytebuddy\byte-buddy\1.10.7\byte-buddy-1.10.7.jar;C:\Users\luruc\.m2\repository\antlr\antlr\2.7.7\antlr-2.7.7.jar;C:\Users\luruc\.m2\repository\org\jboss\spec\javax\transaction\jboss-transaction-api_1.2_spec\1.1.1.Final\jboss-transaction-api_1.2_spec-1.1.1.Final.jar;C:\Users\luruc\.m2\repository\org\jboss\jandex\2.1.1.Final\jandex-2.1.1.Final.jar;C:\Users\luruc\.m2\repository\com\fasterxml\classmate\1.5.1\classmate-1.5.1.jar;C:\Users\luruc\.m2\repository\javax\activation\javax.activation-api\1.2.0\javax.activation-api-1.2.0.jar;C:\Users\luruc\.m2\repository\org\dom4j\dom4j\2.1.1\dom4j-2.1.
Launcher Type: SUN_STANDARD

[Global flags]
     intx CICompilerCount                          = 4                                         {product} {ergonomic}
     uint ConcGCThreads                            = 2                                         {product} {ergonomic}
     uint G1ConcRefinementThreads                  = 8                                         {product} {ergonomic}
   size_t G1HeapRegionSize                         = 1048576                                   {product} {ergonomic}
    uintx GCDrainStackTargetSize                   = 64                                        {product} {ergonomic}
   size_t InitialHeapSize                          = 100663296                                 {product} {ergonomic}
   size_t MarkStackSize                            = 4194304                                   {product} {ergonomic}
   size_t MaxHeapSize                              = 1593835520                                {product} {ergonomic}
   size_t MaxNewSize                               = 956301312                                 {product} {ergonomic}
   size_t MinHeapDeltaBytes                        = 1048576                                   {product} {ergonomic}
    uintx NonNMethodCodeHeapSize                   = 5836300                                {pd product} {ergonomic}
    uintx NonProfiledCodeHeapSize                  = 122910970                              {pd product} {ergonomic}
    uintx ProfiledCodeHeapSize                     = 122910970                              {pd product} {ergonomic}
    uintx ReservedCodeCacheSize                    = 251658240                              {pd product} {ergonomic}
     bool SegmentedCodeCache                       = true                                      {product} {ergonomic}
     bool UseCompressedClassPointers               = true                                 {lp64_product} {ergonomic}
     bool UseCompressedOops                        = true                                 {lp64_product} {ergonomic}
     bool UseG1GC                                  = true                                      {product} {ergonomic}
     bool UseLargePagesIndividualAllocation        = false                                  {pd product} {ergonomic}

Logging:
Log output configuration:
 #0: stdout all=warning uptime,level,tags
 #1: stderr all=off uptime,level,tags

Environment Variables:
JAVA_HOME=C:\Program Files\Java\jdk-11.0.6
PATH=C:\Windows\system32;C:\Windows;C:\Windows\System32\Wbem;C:\Windows\System32\WindowsPowerShell\v1.0\;C:\Windows\System32\OpenSSH\;C:\Program Files (x86)\NVIDIA Corporation\PhysX\Common;C:\Program Files\Git\cmd;C:\Program Files\NVIDIA Corporation\NVIDIA NvDLISR;C:\Program Files\dotnet\;C:\Users\luruc\AppData\Local\Microsoft\WindowsApps;C:\Program Files\apache-maven-3.6.3\bin;C:\Program Files\Java\jdk-11.0.6\bin;
USERNAME=luruc
OS=Windows_NT
PROCESSOR_IDENTIFIER=AMD64 Family 23 Model 24 Stepping 1, AuthenticAMD



---------------  S Y S T E M  ---------------

OS: Windows 10 , 64 bit Build 18362 (10.0.18362.778)

CPU:total 8 (initial active 8) (8 cores per cpu, 2 threads per core) family 23 model 24 stepping 1, cmov, cx8, fxsr, mmx, sse, sse2, sse3, ssse3, sse4.1, sse4.2, popcnt, avx, avx2, aes, clmul, mmxext, 3dnowpref, lzcnt, sse4a, ht, tsc, tscinvbit, tscinv, bmi1, bmi2, adx, sha, fma

Memory: 4k page, system-wide physical 6074M (707M free)
TotalPageFile size 8122M (AvailPageFile size 0M)
current process WorkingSet (physical memory assigned to process): 180M, peak: 180M
current process commit charge ("private bytes"): 252M, peak: 253M

vm_info: Java HotSpot(TM) 64-Bit Server VM (11.0.6+8-LTS) for windows-amd64 JRE (11.0.6+8-LTS), built on Dec 11 2019 09:17:57 by "mach5one" with MS VC++ 15.5 (VS2017)

END.
